2025-03-04T09:38:27 INFO: Starting Medicare Email Scheduler
2025-03-04T09:38:27 INFO: Running in dry-run mode (no emails will be saved to database)
2025-03-04T09:38:27 INFO: Using database URL: https://medicare-portal-pyrex41.turso.io
2025-03-04T09:38:27 ERROR: Error during email scheduling: value out of range: 1955 notin 1 .. 31
2025-03-04T09:39:03 INFO: Starting Medicare Email Scheduler
2025-03-04T09:39:03 INFO: Running in dry-run mode (no emails will be saved to database)
2025-03-04T09:39:03 INFO: Using database URL: https://medicare-portal-pyrex41.turso.io
2025-03-04T09:39:03 ERROR: Error during email scheduling: value out of range: 1955 notin 1 .. 31
2025-03-04T09:39:57 INFO: Starting Medicare Email Scheduler
2025-03-04T09:39:57 INFO: Running in dry-run mode (no emails will be saved to database)
2025-03-04T09:39:57 INFO: Using database URL: https://medicare-portal-pyrex41.turso.io
2025-03-04T09:39:57 INFO: Using test contacts for dry run
2025-03-04T09:39:57 INFO: Processing 3 contacts
2025-03-04T09:39:57 INFO: Generated 1 emails for John Doe
2025-03-04T09:39:57 INFO: Would schedule CarrierUpdate email for john@example.com on 2025-04-03
2025-03-04T09:39:57 INFO: Generated 1 emails for Jane Smith
2025-03-04T09:39:57 INFO: Would schedule CarrierUpdate email for jane@example.com on 2025-04-03
2025-03-04T09:39:57 INFO: Generated 0 emails for Bob Johnson
2025-03-04T09:39:57 INFO: Email scheduling completed: 2 emails would be scheduled
2025-03-04T09:40:32 INFO: Starting Medicare Email Scheduler
2025-03-04T09:40:32 INFO: Running in dry-run mode (no emails will be saved to database)
2025-03-04T09:40:32 INFO: Using database URL: https://medicare-portal-pyrex41.turso.io
2025-03-04T09:40:32 INFO: Using test contacts for dry run
2025-03-04T09:40:32 INFO: Processing 3 contacts
2025-03-04T09:40:32 INFO: Generated 1 emails for John Doe
2025-03-04T09:40:32 INFO: Would schedule CarrierUpdate email for john@example.com on 2025-04-03
2025-03-04T09:40:32 INFO: Generated 1 emails for Jane Smith
2025-03-04T09:40:32 INFO: Would schedule CarrierUpdate email for jane@example.com on 2025-04-03
2025-03-04T09:40:32 INFO: Generated 0 emails for Bob Johnson
2025-03-04T09:40:32 INFO: Email scheduling completed: 2 emails would be scheduled
2025-03-04T09:40:49 INFO: Starting Medicare Email Scheduler
2025-03-04T09:40:49 INFO: Running in dry-run mode (no emails will be saved to database)
2025-03-04T09:40:49 INFO: Using database URL: https://medicare-portal-pyrex41.turso.io
2025-03-04T09:40:49 INFO: Using test contacts for dry run
2025-03-04T09:40:49 INFO: Processing 3 contacts
2025-03-04T09:40:49 INFO: Generated 1 emails for John Doe
2025-03-04T09:40:49 INFO: Would schedule CarrierUpdate email for john@example.com on 2025-04-03
2025-03-04T09:40:49 INFO: Generated 1 emails for Jane Smith
2025-03-04T09:40:49 INFO: Would schedule CarrierUpdate email for jane@example.com on 2025-04-03
2025-03-04T09:40:49 INFO: Generated 0 emails for Bob Johnson
2025-03-04T09:40:49 INFO: Email scheduling completed: 2 emails would be scheduled
2025-03-04T09:53:30 INFO: Starting Medicare Email Scheduler
2025-03-04T09:53:30 INFO: Running in dry-run mode (no emails will be saved to database)
2025-03-04T09:53:30 INFO: Using database URL: https://medicare-portal-pyrex41.turso.io
2025-03-04T09:53:30 INFO: Using test contacts for dry run
2025-03-04T09:53:30 INFO: Processing 3 contacts
2025-03-04T09:53:30 ERROR: Error during email scheduling: value out of range: 2025 notin 1 .. 31
2025-03-04T09:55:29 INFO: Starting Medicare Email Scheduler
2025-03-04T09:55:29 INFO: Running in dry-run mode (no emails will be saved to database)
2025-03-04T09:55:29 INFO: Using database URL: https://medicare-portal-pyrex41.turso.io
2025-03-04T09:55:29 INFO: Using test contacts for dry run
2025-03-04T09:55:29 INFO: Processing 3 contacts
2025-03-04T09:55:29 INFO: Generated 1 emails for John Doe
2025-03-04T09:55:29 INFO: Would schedule CarrierUpdate email for john@example.com on 2025-04-03
2025-03-04T09:55:29 INFO: Generated 1 emails for Jane Smith
2025-03-04T09:55:29 INFO: Would schedule CarrierUpdate email for jane@example.com on 2025-04-03
2025-03-04T09:55:29 INFO: Generated 0 emails for Bob Johnson
2025-03-04T09:55:29 INFO: Email scheduling completed: 2 emails would be scheduled
2025-03-04T09:55:36 INFO: Starting Medicare Email Scheduler
2025-03-04T09:55:36 INFO: Starting API server on port 5000
2025-03-04T09:55:36 INFO: API server would start on port 5000 if Jester were properly set up
2025-03-04T09:55:36 INFO: You need to install Jester and compile with -d:withApi
2025-03-04T09:56:59 INFO: Starting Medicare Email Scheduler
2025-03-04T09:56:59 INFO: Running in dry-run mode (no emails will be saved to database)
2025-03-04T09:56:59 INFO: Using database URL: https://medicare-portal-pyrex41.turso.io
2025-03-04T09:56:59 INFO: Using test contacts for dry run
2025-03-04T09:56:59 INFO: Processing 3 contacts
2025-03-04T09:56:59 INFO: Generated 1 emails for John Doe
2025-03-04T09:56:59 INFO: Would schedule CarrierUpdate email for john@example.com on 2025-04-03
2025-03-04T09:56:59 INFO: Generated 1 emails for Jane Smith
2025-03-04T09:56:59 INFO: Would schedule CarrierUpdate email for jane@example.com on 2025-04-03
2025-03-04T09:56:59 INFO: Generated 0 emails for Bob Johnson
2025-03-04T09:56:59 INFO: Email scheduling completed: 2 emails would be scheduled
2025-03-04T15:10:34 INFO: Starting Medicare Email Scheduler
2025-03-04T15:10:34 INFO: Using database URL: https://medicare-portal-pyrex41.turso.io
2025-03-04T15:10:34 ERROR: Failed to connect to database, falling back to test contacts: SSL support is not available. Cannot connect over SSL. Compile with -d:ssl to enable.
Async traceback:
  /Users/reuben/n_email_schedule/src/n_email_schedule.nim(302) n_email_schedule
  /Users/reuben/n_email_schedule/src/n_email_schedule.nim(299) main
  /Users/reuben/n_email_schedule/src/n_email_schedule.nim(209) runScheduler (Async)
  /Users/reuben/n_email_schedule/src/database.nim(73) getContacts (Async)
  /Users/reuben/n_email_schedule/src/database.nim(58) execQuery (Async)
  /Users/reuben/.choosenim/toolchains/nim-2.2.2/lib/pure/httpclient.nim(1182) request (Async)
  /Users/reuben/.choosenim/toolchains/nim-2.2.2/lib/pure/httpclient.nim(1083) requestAux (Async)
  /Users/reuben/.choosenim/toolchains/nim-2.2.2/lib/pure/httpclient.nim(957) newConnection (Async)
Exception message: SSL support is not available. Cannot connect over SSL. Compile with -d:ssl to enable.

2025-03-04T15:10:34 INFO: Processing 3 contacts
2025-03-04T15:10:34 INFO: Generated 2 emails for John Doe
2025-03-04T15:10:34 ERROR: Error in batch processing: SSL support is not available. Cannot connect over SSL. Compile with -d:ssl to enable.
Async traceback:
  /Users/reuben/n_email_schedule/src/n_email_schedule.nim(302) n_email_schedule
  /Users/reuben/n_email_schedule/src/n_email_schedule.nim(299) main
  /Users/reuben/n_email_schedule/src/n_email_schedule.nim(240) runScheduler (Async)
  /Users/reuben/n_email_schedule/src/database.nim(121) saveEmail (Async)
  /Users/reuben/n_email_schedule/src/database.nim(58) execQuery (Async)
  /Users/reuben/.choosenim/toolchains/nim-2.2.2/lib/pure/httpclient.nim(1182) request (Async)
  /Users/reuben/.choosenim/toolchains/nim-2.2.2/lib/pure/httpclient.nim(1083) requestAux (Async)
  /Users/reuben/.choosenim/toolchains/nim-2.2.2/lib/pure/httpclient.nim(957) newConnection (Async)
Exception message: SSL support is not available. Cannot connect over SSL. Compile with -d:ssl to enable.

2025-03-04T15:10:34 INFO: Generated 2 emails for John Doe
2025-03-04T15:10:34 ERROR: Error processing contact John Doe: SSL support is not available. Cannot connect over SSL. Compile with -d:ssl to enable.
Async traceback:
  /Users/reuben/n_email_schedule/src/n_email_schedule.nim(302) n_email_schedule
  /Users/reuben/n_email_schedule/src/n_email_schedule.nim(299) main
  /Users/reuben/n_email_schedule/src/n_email_schedule.nim(260) runScheduler (Async)
  /Users/reuben/n_email_schedule/src/database.nim(121) saveEmail (Async)
  /Users/reuben/n_email_schedule/src/database.nim(58) execQuery (Async)
  /Users/reuben/.choosenim/toolchains/nim-2.2.2/lib/pure/httpclient.nim(1182) request (Async)
  /Users/reuben/.choosenim/toolchains/nim-2.2.2/lib/pure/httpclient.nim(1083) requestAux (Async)
  /Users/reuben/.choosenim/toolchains/nim-2.2.2/lib/pure/httpclient.nim(957) newConnection (Async)
Exception message: SSL support is not available. Cannot connect over SSL. Compile with -d:ssl to enable.

2025-03-04T15:10:34 INFO: Generated 2 emails for Jane Smith
2025-03-04T15:10:34 ERROR: Error processing contact Jane Smith: SSL support is not available. Cannot connect over SSL. Compile with -d:ssl to enable.
Async traceback:
  /Users/reuben/n_email_schedule/src/n_email_schedule.nim(302) n_email_schedule
  /Users/reuben/n_email_schedule/src/n_email_schedule.nim(299) main
  /Users/reuben/n_email_schedule/src/n_email_schedule.nim(260) runScheduler (Async)
  /Users/reuben/n_email_schedule/src/database.nim(121) saveEmail (Async)
  /Users/reuben/n_email_schedule/src/database.nim(58) execQuery (Async)
  /Users/reuben/.choosenim/toolchains/nim-2.2.2/lib/pure/httpclient.nim(1182) request (Async)
  /Users/reuben/.choosenim/toolchains/nim-2.2.2/lib/pure/httpclient.nim(1083) requestAux (Async)
  /Users/reuben/.choosenim/toolchains/nim-2.2.2/lib/pure/httpclient.nim(957) newConnection (Async)
Exception message: SSL support is not available. Cannot connect over SSL. Compile with -d:ssl to enable.

2025-03-04T15:10:34 INFO: Generated 0 emails for Bob Johnson
2025-03-04T15:10:34 INFO: Email scheduling completed: 6 emails scheduled
2025-03-04T15:10:57 INFO: Starting Medicare Email Scheduler
2025-03-04T15:10:57 INFO: Using database URL: https://medicare-portal-pyrex41.turso.io
2025-03-04T15:10:57 ERROR: Failed to connect to database, falling back to test contacts: SSL support is not available. Cannot connect over SSL. Compile with -d:ssl to enable.
Async traceback:
  /Users/reuben/n_email_schedule/src/n_email_schedule.nim(302) n_email_schedule
  /Users/reuben/n_email_schedule/src/n_email_schedule.nim(299) main
  /Users/reuben/n_email_schedule/src/n_email_schedule.nim(209) runScheduler (Async)
  /Users/reuben/n_email_schedule/src/database.nim(73) getContacts (Async)
  /Users/reuben/n_email_schedule/src/database.nim(58) execQuery (Async)
  /Users/reuben/.choosenim/toolchains/nim-2.2.2/lib/pure/httpclient.nim(1182) request (Async)
  /Users/reuben/.choosenim/toolchains/nim-2.2.2/lib/pure/httpclient.nim(1083) requestAux (Async)
  /Users/reuben/.choosenim/toolchains/nim-2.2.2/lib/pure/httpclient.nim(957) newConnection (Async)
Exception message: SSL support is not available. Cannot connect over SSL. Compile with -d:ssl to enable.

2025-03-04T15:10:57 INFO: Processing 3 contacts
2025-03-04T15:10:57 INFO: Generated 2 emails for John Doe
2025-03-04T15:10:57 ERROR: Error in batch processing: SSL support is not available. Cannot connect over SSL. Compile with -d:ssl to enable.
Async traceback:
  /Users/reuben/n_email_schedule/src/n_email_schedule.nim(302) n_email_schedule
  /Users/reuben/n_email_schedule/src/n_email_schedule.nim(299) main
  /Users/reuben/n_email_schedule/src/n_email_schedule.nim(240) runScheduler (Async)
  /Users/reuben/n_email_schedule/src/database.nim(121) saveEmail (Async)
  /Users/reuben/n_email_schedule/src/database.nim(58) execQuery (Async)
  /Users/reuben/.choosenim/toolchains/nim-2.2.2/lib/pure/httpclient.nim(1182) request (Async)
  /Users/reuben/.choosenim/toolchains/nim-2.2.2/lib/pure/httpclient.nim(1083) requestAux (Async)
  /Users/reuben/.choosenim/toolchains/nim-2.2.2/lib/pure/httpclient.nim(957) newConnection (Async)
Exception message: SSL support is not available. Cannot connect over SSL. Compile with -d:ssl to enable.

2025-03-04T15:10:57 INFO: Generated 2 emails for John Doe
2025-03-04T15:10:57 ERROR: Error processing contact John Doe: SSL support is not available. Cannot connect over SSL. Compile with -d:ssl to enable.
Async traceback:
  /Users/reuben/n_email_schedule/src/n_email_schedule.nim(302) n_email_schedule
  /Users/reuben/n_email_schedule/src/n_email_schedule.nim(299) main
  /Users/reuben/n_email_schedule/src/n_email_schedule.nim(260) runScheduler (Async)
  /Users/reuben/n_email_schedule/src/database.nim(121) saveEmail (Async)
  /Users/reuben/n_email_schedule/src/database.nim(58) execQuery (Async)
  /Users/reuben/.choosenim/toolchains/nim-2.2.2/lib/pure/httpclient.nim(1182) request (Async)
  /Users/reuben/.choosenim/toolchains/nim-2.2.2/lib/pure/httpclient.nim(1083) requestAux (Async)
  /Users/reuben/.choosenim/toolchains/nim-2.2.2/lib/pure/httpclient.nim(957) newConnection (Async)
Exception message: SSL support is not available. Cannot connect over SSL. Compile with -d:ssl to enable.

2025-03-04T15:10:57 INFO: Generated 2 emails for Jane Smith
2025-03-04T15:10:57 ERROR: Error processing contact Jane Smith: SSL support is not available. Cannot connect over SSL. Compile with -d:ssl to enable.
Async traceback:
  /Users/reuben/n_email_schedule/src/n_email_schedule.nim(302) n_email_schedule
  /Users/reuben/n_email_schedule/src/n_email_schedule.nim(299) main
  /Users/reuben/n_email_schedule/src/n_email_schedule.nim(260) runScheduler (Async)
  /Users/reuben/n_email_schedule/src/database.nim(121) saveEmail (Async)
  /Users/reuben/n_email_schedule/src/database.nim(58) execQuery (Async)
  /Users/reuben/.choosenim/toolchains/nim-2.2.2/lib/pure/httpclient.nim(1182) request (Async)
  /Users/reuben/.choosenim/toolchains/nim-2.2.2/lib/pure/httpclient.nim(1083) requestAux (Async)
  /Users/reuben/.choosenim/toolchains/nim-2.2.2/lib/pure/httpclient.nim(957) newConnection (Async)
Exception message: SSL support is not available. Cannot connect over SSL. Compile with -d:ssl to enable.

2025-03-04T15:10:57 INFO: Generated 0 emails for Bob Johnson
2025-03-04T15:10:57 INFO: Email scheduling completed: 6 emails scheduled
2025-03-05T15:39:22 INFO: Starting Medicare Email Scheduler
2025-03-05T15:39:22 INFO: Running in dry-run mode (no emails will be saved to database)
2025-03-05T15:39:22 INFO: Using database URL: https://medicare-portal-pyrex41.turso.io
2025-03-05T15:39:22 INFO: Using test contacts for dry run
2025-03-05T15:39:22 INFO: Processing 3 contacts
2025-03-05T15:39:22 INFO: Starting parallel batch processing of 3 contacts
2025-03-05T15:39:22 INFO: Batch processed 3 contacts in 0ms (parallel processing)
2025-03-05T15:39:22 INFO: Generated 2 emails for John Doe
2025-03-05T15:39:22 INFO: Would schedule AEP email for john@example.com on 2025-08-15 - Reason: AEP - First week (August 18)
2025-03-05T15:39:22 INFO: Would schedule Birthday email for john@example.com on 2026-03-22 - Reason: Post-window Birthday email
2025-03-05T15:39:22 INFO: Generated 2 emails for Jane Smith
2025-03-05T15:39:22 INFO: Would schedule AEP email for jane@example.com on 2025-08-25 - Reason: AEP - Second week (August 25)
2025-03-05T15:39:22 INFO: Would schedule Birthday email for jane@example.com on 2026-04-06 - Reason: Post-window Birthday email
2025-03-05T15:39:22 INFO: Generated 0 emails for Bob Johnson
2025-03-05T15:39:22 INFO: Email scheduling completed: 4 emails would be scheduled
